c:\users\sony\desktop\project\localisation\mobility\debug\vc140.pdb
c:\users\sony\desktop\project\localisation\mobility\debug\vc140.idb
c:\users\sony\desktop\project\localisation\mobility\debug\filebasedmobility.obj
c:\users\sony\desktop\project\localisation\mobility\debug\groupmobility.obj
c:\users\sony\desktop\project\localisation\mobility\debug\mobility.obj
c:\users\sony\desktop\project\localisation\mobility\debug\nodejoin.obj
c:\users\sony\desktop\project\localisation\mobility\debug\sumo_interface.obj
c:\users\sony\desktop\project\localisation\dll\libmobility.dll
c:\users\sony\desktop\project\localisation\dll\mobility.pdb
c:\users\sony\desktop\project\localisation\dll\mobility.lib
c:\users\sony\desktop\project\localisation\dll\mobility.exp
c:\users\sony\desktop\localisation_in_wsn\mobility\debug\filebasedmobility.obj
c:\users\sony\desktop\localisation_in_wsn\mobility\debug\groupmobility.obj
c:\users\sony\desktop\localisation_in_wsn\mobility\debug\mobility.obj
c:\users\sony\desktop\localisation_in_wsn\mobility\debug\nodejoin.obj
c:\users\sony\desktop\localisation_in_wsn\mobility\debug\sumo_interface.obj
c:\users\sony\desktop\localisation_in_wsn\mobility\debug\vc140.idb
c:\users\sony\desktop\localisation_in_wsn\mobility\debug\vc140.pdb
c:\users\sony\desktop\localisation_in_wsn\mobility\debug\mobility.tlog\cl.command.1.tlog
c:\users\sony\desktop\localisation_in_wsn\mobility\debug\mobility.tlog\cl.read.1.tlog
c:\users\sony\desktop\localisation_in_wsn\mobility\debug\mobility.tlog\cl.write.1.tlog
c:\users\sony\desktop\localisation_in_wsn\mobility\debug\mobility.tlog\link.command.1.tlog
c:\users\sony\desktop\localisation_in_wsn\mobility\debug\mobility.tlog\link.read.1.tlog
c:\users\sony\desktop\localisation_in_wsn\mobility\debug\mobility.tlog\link.write.1.tlog
c:\users\sony\desktop\localisation_in_wsn\mobility\debug\mobility.tlog\mobility.write.1u.tlog
